<?xml version="1.0" encoding="UTF-8"?>
<!-- Generated by org.testng.reporters.JUnitXMLReporter -->
<testsuite ignored="0" hostname="LAPTOP-Q9NI5B1S" failures="1" tests="1" name="Default test" time="51.105" errors="0" timestamp="2023-01-01T17:09:08 EST">
  <testcase classname="io.cucumber.testng.AbstractTestNGCucumberTests" name="runScenario" time="22.612">
    <failure type="java.lang.AssertionError" message="expected [] but found [Get It Fast: Free 2-Day Delivery]">
      <![CDATA[java.lang.AssertionError: expected [] but found [Get It Fast: Free 2-Day Delivery]
at org.testng.Assert.fail(Assert.java:110)
at org.testng.Assert.failNotEquals(Assert.java:1413)
at org.testng.Assert.assertEqualsImpl(Assert.java:149)
at org.testng.Assert.assertEquals(Assert.java:131)
at org.testng.Assert.assertEquals(Assert.java:655)
at org.testng.Assert.assertEquals(Assert.java:665)
at stepdefination.Free2DaysDeliveryDefination.item_list_should_have_only_for_free_delivery(Free2DaysDeliveryDefination.java:25)
at ✽.Item list should have only for free delivery(file:///C:/Users/davet/eclipse-workspace/thehomedepot/src/test/resources/features/Free2DaysDelivery.feature:7)
]]>
    </failure>
  </testcase> <!-- runScenario -->
</testsuite> <!-- Default test -->
