<?xml version="1.0" encoding="UTF-8"?>
<testng-results ignored="0" total="15" passed="14" failed="1" skipped="0">
  <reporter-output>
  </reporter-output>
  <suite started-at="2023-01-04T15:51:58 EST" name="Default suite" finished-at="2023-01-04T15:58:42 EST" duration-ms="403770">
    <groups>
      <group name="cucumber">
        <method signature="AbstractTestNGCucumberTests.runScenario(io.cucumber.testng.PickleWrapper,io.cucumber.testng.FeatureWrapper)[pri:0, instance:runners.CucumberRunner@7161d8d1]" name="runScenario" class="io.cucumber.testng.AbstractTestNGCucumberTests"/>
      </group> <!-- cucumber -->
    </groups>
    <test started-at="2023-01-04T15:51:58 EST" name="Default test" finished-at="2023-01-04T15:58:42 EST" duration-ms="403770">
      <class name="runners.CucumberRunner">
        <test-method is-config="true" signature="setUpClass(org.testng.ITestContext)[pri:0, instance:runners.CucumberRunner@7161d8d1]" started-at="2023-01-04T15:51:58 EST" name="setUpClass" finished-at="2023-01-04T15:52:10 EST" duration-ms="11878" status="PASS">
          <params>
            <param index="0">
              <value>
                <![CDATA[org.testng.TestRunner@72af90e8]]>
              </value>
            </param>
          </params>
          <reporter-output>
          </reporter-output>
        </test-method> <!-- setUpClass -->
        <test-method signature="runScenario(io.cucumber.testng.PickleWrapper,io.cucumber.testng.FeatureWrapper)[pri:0, instance:runners.CucumberRunner@7161d8d1]" started-at="2023-01-04T15:52:10 EST" name="runScenario" description="Runs Cucumber Scenarios" data-provider="scenarios" finished-at="2023-01-04T15:52:35 EST" duration-ms="25652" status="PASS">
          <params>
            <param index="0">
              <value>
                <![CDATA["Search with Canada Zipcode"]]>
              </value>
            </param>
            <param index="1">
              <value>
                <![CDATA["Home Depot Canada Zipcode Store Locator"]]>
              </value>
            </param>
          </params>
          <reporter-output>
          </reporter-output>
        </test-method> <!-- runScenario -->
        <test-method signature="runScenario(io.cucumber.testng.PickleWrapper,io.cucumber.testng.FeatureWrapper)[pri:0, instance:runners.CucumberRunner@7161d8d1]" started-at="2023-01-04T15:52:35 EST" name="runScenario" description="Runs Cucumber Scenarios" data-provider="scenarios" finished-at="2023-01-04T15:53:00 EST" duration-ms="24607" status="PASS">
          <params>
            <param index="0">
              <value>
                <![CDATA["User able to get item fast"]]>
              </value>
            </param>
            <param index="1">
              <value>
                <![CDATA["HomeDepot Search Get It Fast Free 2 days delivery Functionality"]]>
              </value>
            </param>
          </params>
          <reporter-output>
          </reporter-output>
        </test-method> <!-- runScenario -->
        <test-method signature="runScenario(io.cucumber.testng.PickleWrapper,io.cucumber.testng.FeatureWrapper)[pri:0, instance:runners.CucumberRunner@7161d8d1]" started-at="2023-01-04T15:53:00 EST" name="runScenario" description="Runs Cucumber Scenarios" data-provider="scenarios" finished-at="2023-01-04T15:53:14 EST" duration-ms="13835" status="PASS">
          <params>
            <param index="0">
              <value>
                <![CDATA["User able to click Home Depot Logo"]]>
              </value>
            </param>
            <param index="1">
              <value>
                <![CDATA["Home Depot Logo Functionality"]]>
              </value>
            </param>
          </params>
          <reporter-output>
          </reporter-output>
        </test-method> <!-- runScenario -->
        <test-method signature="runScenario(io.cucumber.testng.PickleWrapper,io.cucumber.testng.FeatureWrapper)[pri:0, instance:runners.CucumberRunner@7161d8d1]" started-at="2023-01-04T15:53:14 EST" name="runScenario" description="Runs Cucumber Scenarios" data-provider="scenarios" finished-at="2023-01-04T15:53:34 EST" duration-ms="19808" status="PASS">
          <params>
            <param index="0">
              <value>
                <![CDATA["User able to look for deals in the weekly ad."]]>
              </value>
            </param>
            <param index="1">
              <value>
                <![CDATA["Home Depot Local Ad & Catalog Functionality"]]>
              </value>
            </param>
          </params>
          <reporter-output>
          </reporter-output>
        </test-method> <!-- runScenario -->
        <test-method signature="runScenario(io.cucumber.testng.PickleWrapper,io.cucumber.testng.FeatureWrapper)[pri:0, instance:runners.CucumberRunner@7161d8d1]" started-at="2023-01-04T15:53:34 EST" name="runScenario" description="Runs Cucumber Scenarios" data-provider="scenarios" finished-at="2023-01-04T15:53:46 EST" duration-ms="12522" status="PASS">
          <params>
            <param index="0">
              <value>
                <![CDATA["User click zoom in to make the page bigger"]]>
              </value>
            </param>
            <param index="1">
              <value>
                <![CDATA["Home Depot Local Ads & Catalog Zoom In Functionality"]]>
              </value>
            </param>
          </params>
          <reporter-output>
          </reporter-output>
        </test-method> <!-- runScenario -->
        <test-method signature="runScenario(io.cucumber.testng.PickleWrapper,io.cucumber.testng.FeatureWrapper)[pri:0, instance:runners.CucumberRunner@7161d8d1]" started-at="2023-01-04T15:53:46 EST" name="runScenario" description="Runs Cucumber Scenarios" data-provider="scenarios" finished-at="2023-01-04T15:54:04 EST" duration-ms="17451" status="PASS">
          <params>
            <param index="0">
              <value>
                <![CDATA["User click zoom out to make the page bigger"]]>
              </value>
            </param>
            <param index="1">
              <value>
                <![CDATA["Home Depot Local Ads & Catalog Zoom Out Functionality"]]>
              </value>
            </param>
          </params>
          <reporter-output>
          </reporter-output>
        </test-method> <!-- runScenario -->
        <test-method signature="runScenario(io.cucumber.testng.PickleWrapper,io.cucumber.testng.FeatureWrapper)[pri:0, instance:runners.CucumberRunner@7161d8d1]" started-at="2023-01-04T15:54:04 EST" name="runScenario" description="Runs Cucumber Scenarios" data-provider="scenarios" finished-at="2023-01-04T15:54:18 EST" duration-ms="14438" status="PASS">
          <params>
            <param index="0">
              <value>
                <![CDATA["Search with NJ Zipcode"]]>
              </value>
            </param>
            <param index="1">
              <value>
                <![CDATA["Home Depot NJ Zipcode Store Locator"]]>
              </value>
            </param>
          </params>
          <reporter-output>
          </reporter-output>
        </test-method> <!-- runScenario -->
        <test-method signature="runScenario(io.cucumber.testng.PickleWrapper,io.cucumber.testng.FeatureWrapper)[pri:0, instance:runners.CucumberRunner@7161d8d1]" started-at="2023-01-04T15:54:18 EST" name="runScenario" description="Runs Cucumber Scenarios" data-provider="scenarios" finished-at="2023-01-04T15:54:41 EST" duration-ms="22866" status="FAIL">
          <params>
            <param index="0">
              <value>
                <![CDATA["User able to get item fast"]]>
              </value>
            </param>
            <param index="1">
              <value>
                <![CDATA["Feature: HomeDepot Search Get It Fast Next days delivery Functionality"]]>
              </value>
            </param>
          </params>
          <exception class="java.lang.AssertionError">
            <message>
              <![CDATA[expected [[Get It Fast: Next-Day Delivery] but found [Get It Fast: Same-Day Delivery]]]>
            </message>
            <full-stacktrace>
              <![CDATA[java.lang.AssertionError: expected [[Get It Fast: Next-Day Delivery] but found [Get It Fast: Same-Day Delivery]
at org.testng.Assert.fail(Assert.java:110)
at org.testng.Assert.failNotEquals(Assert.java:1413)
at org.testng.Assert.assertEqualsImpl(Assert.java:149)
at org.testng.Assert.assertEquals(Assert.java:131)
at org.testng.Assert.assertEquals(Assert.java:655)
at org.testng.Assert.assertEquals(Assert.java:665)
at stepdefination.NextDayDeliveryDefinations.item_list_should_have_only_delivery_scheduled(NextDayDeliveryDefinations.java:26)
at ✽.Item list should have only delivery scheduled(file:///C:/Users/davet/eclipse-workspace/thehomedepot/src/test/resources/features/NextDayDelivery.feature:7)
]]>
            </full-stacktrace>
          </exception> <!-- java.lang.AssertionError -->
          <reporter-output>
          </reporter-output>
        </test-method> <!-- runScenario -->
        <test-method signature="runScenario(io.cucumber.testng.PickleWrapper,io.cucumber.testng.FeatureWrapper)[pri:0, instance:runners.CucumberRunner@7161d8d1]" started-at="2023-01-04T15:54:41 EST" name="runScenario" description="Runs Cucumber Scenarios" data-provider="scenarios" finished-at="2023-01-04T15:55:21 EST" duration-ms="39931" status="PASS">
          <params>
            <param index="0">
              <value>
                <![CDATA["User search for Heaters"]]>
              </value>
            </param>
            <param index="1">
              <value>
                <![CDATA["HomeDepot Search Heaters Functionality"]]>
              </value>
            </param>
          </params>
          <reporter-output>
          </reporter-output>
        </test-method> <!-- runScenario -->
        <test-method signature="runScenario(io.cucumber.testng.PickleWrapper,io.cucumber.testng.FeatureWrapper)[pri:0, instance:runners.CucumberRunner@7161d8d1]" started-at="2023-01-04T15:55:21 EST" name="runScenario" description="Runs Cucumber Scenarios" data-provider="scenarios" finished-at="2023-01-04T15:55:55 EST" duration-ms="34016" status="PASS">
          <params>
            <param index="0">
              <value>
                <![CDATA["User able to search item"]]>
              </value>
            </param>
            <param index="1">
              <value>
                <![CDATA["HomeDepot Search Sink Functionality"]]>
              </value>
            </param>
          </params>
          <reporter-output>
          </reporter-output>
        </test-method> <!-- runScenario -->
        <test-method signature="runScenario(io.cucumber.testng.PickleWrapper,io.cucumber.testng.FeatureWrapper)[pri:0, instance:runners.CucumberRunner@7161d8d1]" started-at="2023-01-04T15:55:55 EST" name="runScenario" description="Runs Cucumber Scenarios" data-provider="scenarios" finished-at="2023-01-04T15:56:20 EST" duration-ms="25521" status="PASS">
          <params>
            <param index="0">
              <value>
                <![CDATA["User able to search item"]]>
              </value>
            </param>
            <param index="1">
              <value>
                <![CDATA["HomeDepot Search SnowBlower Functionality"]]>
              </value>
            </param>
          </params>
          <reporter-output>
          </reporter-output>
        </test-method> <!-- runScenario -->
        <test-method signature="runScenario(io.cucumber.testng.PickleWrapper,io.cucumber.testng.FeatureWrapper)[pri:0, instance:runners.CucumberRunner@7161d8d1]" started-at="2023-01-04T15:56:20 EST" name="runScenario" description="Runs Cucumber Scenarios" data-provider="scenarios" finished-at="2023-01-04T15:56:43 EST" duration-ms="22461" status="PASS">
          <params>
            <param index="0">
              <value>
                <![CDATA["User will see an input error message when login with invalid email"]]>
              </value>
            </param>
            <param index="1">
              <value>
                <![CDATA["SignIn Invalid Email"]]>
              </value>
            </param>
          </params>
          <reporter-output>
          </reporter-output>
        </test-method> <!-- runScenario -->
        <test-method signature="runScenario(io.cucumber.testng.PickleWrapper,io.cucumber.testng.FeatureWrapper)[pri:0, instance:runners.CucumberRunner@7161d8d1]" started-at="2023-01-04T15:56:43 EST" name="runScenario" description="Runs Cucumber Scenarios" data-provider="scenarios" finished-at="2023-01-04T15:56:53 EST" duration-ms="9960" status="PASS">
          <params>
            <param index="0">
              <value>
                <![CDATA["Search with NY Zipcode"]]>
              </value>
            </param>
            <param index="1">
              <value>
                <![CDATA["Home Depot NY Zipcode Store Locator"]]>
              </value>
            </param>
          </params>
          <reporter-output>
          </reporter-output>
        </test-method> <!-- runScenario -->
        <test-method signature="runScenario(io.cucumber.testng.PickleWrapper,io.cucumber.testng.FeatureWrapper)[pri:0, instance:runners.CucumberRunner@7161d8d1]" started-at="2023-01-04T15:56:53 EST" name="runScenario" description="Runs Cucumber Scenarios" data-provider="scenarios" finished-at="2023-01-04T15:57:39 EST" duration-ms="45758" status="PASS">
          <params>
            <param index="0">
              <value>
                <![CDATA["User able to get item fast"]]>
              </value>
            </param>
            <param index="1">
              <value>
                <![CDATA["HomeDepot Search For Store Pick Up Functionality"]]>
              </value>
            </param>
          </params>
          <reporter-output>
          </reporter-output>
        </test-method> <!-- runScenario -->
        <test-method signature="runScenario(io.cucumber.testng.PickleWrapper,io.cucumber.testng.FeatureWrapper)[pri:0, instance:runners.CucumberRunner@7161d8d1]" started-at="2023-01-04T15:57:39 EST" name="runScenario" description="Runs Cucumber Scenarios" data-provider="scenarios" finished-at="2023-01-04T15:58:38 EST" duration-ms="59412" status="PASS">
          <params>
            <param index="0">
              <value>
                <![CDATA["User able to click and see recent search"]]>
              </value>
            </param>
            <param index="1">
              <value>
                <![CDATA["HomeDepot Recent Search Functionality"]]>
              </value>
            </param>
          </params>
          <reporter-output>
          </reporter-output>
        </test-method> <!-- runScenario -->
        <test-method is-config="true" signature="tearDownClass()[pri:0, instance:runners.CucumberRunner@7161d8d1]" started-at="2023-01-04T15:58:38 EST" name="tearDownClass" finished-at="2023-01-04T15:58:42 EST" duration-ms="3495" status="PASS">
          <reporter-output>
          </reporter-output>
        </test-method> <!-- tearDownClass -->
      </class> <!-- runners.CucumberRunner -->
    </test> <!-- Default test -->
  </suite> <!-- Default suite -->
</testng-results>
