<?xml version="1.0" encoding="UTF-8"?>
<!-- Generated by org.testng.reporters.JUnitReportReporter -->
<testsuite hostname="LAPTOP-Q9NI5B1S" failures="1" tests="15" name="runners.CucumberRunner" time="388.238" errors="0" timestamp="2023-01-04T15:58:42 EST" skipped="0">
  <testcase classname="runners.CucumberRunner" name="runScenario" time="59.412"/>
  <system-out/>
  <testcase classname="runners.CucumberRunner" name="runScenario" time="14.438"/>
  <system-out/>
  <testcase classname="runners.CucumberRunner" name="runScenario" time="13.835"/>
  <system-out/>
  <testcase classname="runners.CucumberRunner" name="runScenario" time="22.461"/>
  <system-out/>
  <testcase classname="runners.CucumberRunner" name="runScenario" time="34.016"/>
  <system-out/>
  <testcase classname="runners.CucumberRunner" name="runScenario" time="9.960"/>
  <system-out/>
  <testcase classname="runners.CucumberRunner" name="runScenario" time="22.866">
    <failure message="expected [[Get It Fast: Next-Day Delivery] but found [Get It Fast: Same-Day Delivery]" type="java.lang.AssertionError">
      <![CDATA[java.lang.AssertionError: expected [[Get It Fast: Next-Day Delivery] but found [Get It Fast: Same-Day Delivery]
at org.testng.Assert.fail(Assert.java:110)
at org.testng.Assert.failNotEquals(Assert.java:1413)
at org.testng.Assert.assertEqualsImpl(Assert.java:149)
at org.testng.Assert.assertEquals(Assert.java:131)
at org.testng.Assert.assertEquals(Assert.java:655)
at org.testng.Assert.assertEquals(Assert.java:665)
at stepdefination.NextDayDeliveryDefinations.item_list_should_have_only_delivery_scheduled(NextDayDeliveryDefinations.java:26)
at ✽.Item list should have only delivery scheduled(file:///C:/Users/davet/eclipse-workspace/thehomedepot/src/test/resources/features/NextDayDelivery.feature:7)
]]>
    </failure>
  </testcase> <!-- runScenario -->
  <system-out/>
  <testcase classname="runners.CucumberRunner" name="runScenario" time="25.521"/>
  <system-out/>
  <testcase classname="runners.CucumberRunner" name="runScenario" time="24.607"/>
  <system-out/>
  <testcase classname="runners.CucumberRunner" name="runScenario" time="45.758"/>
  <system-out/>
  <testcase classname="runners.CucumberRunner" name="runScenario" time="25.652"/>
  <system-out/>
  <testcase classname="runners.CucumberRunner" name="runScenario" time="39.931"/>
  <system-out/>
  <testcase classname="runners.CucumberRunner" name="runScenario" time="17.451"/>
  <system-out/>
  <testcase classname="runners.CucumberRunner" name="runScenario" time="12.522"/>
  <system-out/>
  <testcase classname="runners.CucumberRunner" name="runScenario" time="19.808"/>
  <system-out/>
</testsuite> <!-- runners.CucumberRunner -->
